<?xml version="1.0" encoding="UTF-8"?>
<!-- Generated by org.testng.reporters.JUnitReportReporter -->
<testsuite skipped="0" hostname="MAA125CG9425ZJD" name="pages.LoginPageTest" tests="1" failures="0" timestamp="05 Jun 2021 08:26:02 GMT" time="7.135" errors="0">
  <testcase name="verifyLoginTest" time="7.135" classname="pages.LoginPageTest"/>
</testsuite> <!-- pages.LoginPageTest -->
