<?xml version="1.0" encoding="UTF-8"?>
<!-- Generated by org.testng.reporters.JUnitReportReporter -->
<testsuite skipped="0" hostname="MAA125CG9425ZJD" name="testCases.LoginPageTest" tests="3" failures="0" timestamp="06 Jun 2021 07:09:26 GMT" time="12.246" errors="0">
  <testcase name="validateLogin" time="3.768" classname="testCases.LoginPageTest"/>
  <testcase name="validateLogin" time="4.025" classname="testCases.LoginPageTest"/>
  <testcase name="validateLogin" time="4.453" classname="testCases.LoginPageTest"/>
</testsuite> <!-- testCases.LoginPageTest -->
