<?xml version="1.0" encoding="UTF-8"?>
<!-- Generated by org.testng.reporters.JUnitReportReporter -->
<testsuite skipped="0" hostname="MAA125CG9425ZJD" name="testCases.LoginPageTest" tests="1" failures="0" timestamp="05 Jun 2021 07:36:18 GMT" time="9.910" errors="0">
  <testcase name="validateLogin" time="9.910" classname="testCases.LoginPageTest"/>
</testsuite> <!-- testCases.LoginPageTest -->
