<?xml version="1.0" encoding="UTF-8"?>
<!-- Generated by org.testng.reporters.JUnitReportReporter -->
<testsuite skipped="0" hostname="MAA125CG9425ZJD" name="annotationTest.A15_BeforeAfterMethodTest" tests="4" failures="0" timestamp="23 May 2021 07:21:40 GMT" time="0.023" errors="0">
  <testcase name="Logintest" time="0.008" classname="annotationTest.A15_BeforeAfterMethodTest"/>
  <testcase name="Searchtest" time="0.003" classname="annotationTest.A15_BeforeAfterMethodTest"/>
  <testcase name="Bookingtest" time="0.010" classname="annotationTest.A15_BeforeAfterMethodTest"/>
  <testcase name="Canceltest" time="0.002" classname="annotationTest.A15_BeforeAfterMethodTest"/>
</testsuite> <!-- annotationTest.A15_BeforeAfterMethodTest -->
