<?xml version="1.0" encoding="UTF-8"?>
<!-- Generated by org.testng.reporters.JUnitReportReporter -->
<testsuite skipped="0" hostname="MAA125CG9425ZJD" name="parametrizationTest.A27_SingleTestSingleDataProvider" tests="3" failures="0" timestamp="30 May 2021 08:32:46 GMT" time="14.130" errors="0">
  <testcase name="LoginTest" time="4.863" classname="parametrizationTest.A27_SingleTestSingleDataProvider"/>
  <testcase name="LoginTest" time="3.684" classname="parametrizationTest.A27_SingleTestSingleDataProvider"/>
  <testcase name="LoginTest" time="5.583" classname="parametrizationTest.A27_SingleTestSingleDataProvider"/>
</testsuite> <!-- parametrizationTest.A27_SingleTestSingleDataProvider -->
