<?xml version="1.0" encoding="UTF-8"?>
<!-- Generated by org.testng.reporters.JUnitReportReporter -->
<testsuite skipped="0" hostname="MAA125CG9425ZJD" name="annotationTest.A17_BeforeAfterTestTest" tests="4" failures="0" timestamp="23 May 2021 07:34:58 GMT" time="0.019" errors="0">
  <testcase name="Logintest" time="0.011" classname="annotationTest.A17_BeforeAfterTestTest"/>
  <testcase name="Searchtest" time="0.002" classname="annotationTest.A17_BeforeAfterTestTest"/>
  <testcase name="Bookingtest" time="0.003" classname="annotationTest.A17_BeforeAfterTestTest"/>
  <testcase name="Canceltest" time="0.003" classname="annotationTest.A17_BeforeAfterTestTest"/>
</testsuite> <!-- annotationTest.A17_BeforeAfterTestTest -->
