<?xml version="1.0" encoding="UTF-8"?>
<!-- Generated by org.testng.reporters.JUnitReportReporter -->
<testsuite skipped="0" hostname="MAA125CG9425ZJD" name="groupTest.GroupTest" tests="8" failures="0" timestamp="29 May 2021 07:29:32 GMT" time="0.031" errors="0">
  <testcase name="loginTest" time="0.002" classname="groupTest.GroupTest"/>
  <testcase name="loginTest" time="0.002" classname="groupTest.GroupTest"/>
  <testcase name="loginTest" time="0.015" classname="groupTest.GroupTest"/>
  <testcase name="searchTest" time="0.003" classname="groupTest.GroupTest"/>
  <testcase name="searchTest" time="0.003" classname="groupTest.GroupTest"/>
  <testcase name="searchTest" time="0.003" classname="groupTest.GroupTest"/>
  <testcase name="bookTest" time="0.002" classname="groupTest.GroupTest"/>
  <testcase name="cancelTest" time="0.001" classname="groupTest.GroupTest"/>
</testsuite> <!-- groupTest.GroupTest -->
