<?xml version="1.0" encoding="UTF-8"?>
<!-- Generated by org.testng.reporters.JUnitReportReporter -->
<testsuite skipped="0" hostname="MAA125CG9425ZJD" name="failedCaseTest.A21_SolutionTest1" tests="1" failures="0" timestamp="30 May 2021 07:03:14 GMT" time="3.553" errors="0">
  <testcase name="loginTest" time="3.553" classname="failedCaseTest.A21_SolutionTest1"/>
</testsuite> <!-- failedCaseTest.A21_SolutionTest1 -->
