<?xml version="1.0" encoding="UTF-8"?>
<!-- Generated by org.testng.reporters.JUnitReportReporter -->
<testsuite skipped="0" hostname="MAA125CG9425ZJD" name="keywordsTest.A12_ReportLogTest" tests="4" failures="0" timestamp="23 May 2021 06:51:29 GMT" time="0.021" errors="0">
  <testcase name="Logintest" time="0.016" classname="keywordsTest.A12_ReportLogTest"/>
  <testcase name="Searchtest" time="0.001" classname="keywordsTest.A12_ReportLogTest"/>
  <testcase name="Bookingtest" time="0.002" classname="keywordsTest.A12_ReportLogTest"/>
  <testcase name="Canceltest" time="0.002" classname="keywordsTest.A12_ReportLogTest"/>
</testsuite> <!-- keywordsTest.A12_ReportLogTest -->
