<?xml version="1.0" encoding="UTF-8"?>
<!-- Generated by org.testng.reporters.JUnitReportReporter -->
<testsuite skipped="0" hostname="MAA125CG9425ZJD" name="parameterTest.ParameterTest" tests="3" failures="0" timestamp="30 May 2021 09:58:50 GMT" time="0.015" errors="0">
  <testcase name="Logintest" time="0.012" classname="parameterTest.ParameterTest"/>
  <testcase name="Logintest" time="0.002" classname="parameterTest.ParameterTest"/>
  <testcase name="Logintest" time="0.001" classname="parameterTest.ParameterTest"/>
</testsuite> <!-- parameterTest.ParameterTest -->
