<?xml version="1.0" encoding="UTF-8"?>
<!-- Generated by org.testng.reporters.JUnitReportReporter -->
<testsuite skipped="0" hostname="MAA125CG9425ZJD" name="parametrizationTest.A28_MultiTestMultiDataProvider" tests="6" failures="0" timestamp="30 May 2021 09:59:26 GMT" time="0.019" errors="0">
  <testcase name="LoginTest" time="0.001" classname="parametrizationTest.A28_MultiTestMultiDataProvider"/>
  <testcase name="LoginTest" time="0.002" classname="parametrizationTest.A28_MultiTestMultiDataProvider"/>
  <testcase name="BookingTest" time="0.001" classname="parametrizationTest.A28_MultiTestMultiDataProvider"/>
  <testcase name="LoginTest" time="0.003" classname="parametrizationTest.A28_MultiTestMultiDataProvider"/>
  <testcase name="BookingTest" time="0.001" classname="parametrizationTest.A28_MultiTestMultiDataProvider"/>
  <testcase name="BookingTest" time="0.011" classname="parametrizationTest.A28_MultiTestMultiDataProvider"/>
</testsuite> <!-- parametrizationTest.A28_MultiTestMultiDataProvider -->
