<?xml version="1.0" encoding="UTF-8"?>
<!-- Generated by org.testng.reporters.JUnitReportReporter -->
<testsuite skipped="0" hostname="MAA125CG9425ZJD" name="parametrizationTest.A29_MultiTestSingleDataProvider" tests="6" failures="0" timestamp="30 May 2021 09:59:17 GMT" time="0.022" errors="0">
  <testcase name="loginTest" time="0.011" classname="parametrizationTest.A29_MultiTestSingleDataProvider"/>
  <testcase name="loginTest" time="0.002" classname="parametrizationTest.A29_MultiTestSingleDataProvider"/>
  <testcase name="loginTest" time="0.003" classname="parametrizationTest.A29_MultiTestSingleDataProvider"/>
  <testcase name="bookingTest" time="0.002" classname="parametrizationTest.A29_MultiTestSingleDataProvider"/>
  <testcase name="bookingTest" time="0.002" classname="parametrizationTest.A29_MultiTestSingleDataProvider"/>
  <testcase name="bookingTest" time="0.002" classname="parametrizationTest.A29_MultiTestSingleDataProvider"/>
</testsuite> <!-- parametrizationTest.A29_MultiTestSingleDataProvider -->
