<?xml version="1.0" encoding="UTF-8"?>
<!-- Generated by org.testng.reporters.JUnitReportReporter -->
<testsuite skipped="0" hostname="MAA125CG9425ZJD" name="annotationTest.A16_BeforeAfterClassTest" tests="4" failures="0" timestamp="23 May 2021 07:27:44 GMT" time="0.020" errors="0">
  <testcase name="Logintest" time="0.010" classname="annotationTest.A16_BeforeAfterClassTest"/>
  <testcase name="Searchtest" time="0.002" classname="annotationTest.A16_BeforeAfterClassTest"/>
  <testcase name="Bookingtest" time="0.005" classname="annotationTest.A16_BeforeAfterClassTest"/>
  <testcase name="Canceltest" time="0.003" classname="annotationTest.A16_BeforeAfterClassTest"/>
</testsuite> <!-- annotationTest.A16_BeforeAfterClassTest -->
