<?xml version="1.0" encoding="UTF-8"?>
<!-- Generated by org.testng.reporters.JUnitReportReporter -->
<testsuite skipped="0" hostname="MAA125CG9425ZJD" name="keywordsTest.A4_PriorityTest" tests="4" failures="0" timestamp="22 May 2021 08:19:55 GMT" time="0.021" errors="0">
  <testcase name="Logintest" time="0.015" classname="keywordsTest.A4_PriorityTest"/>
  <testcase name="Searchtest" time="0.002" classname="keywordsTest.A4_PriorityTest"/>
  <testcase name="Bookingtest" time="0.002" classname="keywordsTest.A4_PriorityTest"/>
  <testcase name="Canceltest" time="0.002" classname="keywordsTest.A4_PriorityTest"/>
</testsuite> <!-- keywordsTest.A4_PriorityTest -->
