<?xml version="1.0" encoding="UTF-8"?>
<!-- Generated by org.testng.reporters.JUnitReportReporter -->
<testsuite skipped="0" hostname="MAA125CG9425ZJD" name="keywordsTest.A1_SampleTest" tests="1" failures="0" timestamp="22 May 2021 07:47:12 GMT" time="0.018" errors="0">
  <testcase name="loginTest" time="0.018" classname="keywordsTest.A1_SampleTest"/>
</testsuite> <!-- keywordsTest.A1_SampleTest -->
