<?xml version="1.0" encoding="UTF-8"?>
<!-- Generated by org.testng.reporters.JUnitReportReporter -->
<testsuite skipped="0" hostname="MAA125CG9425ZJD" name="keywordsTest.A11_DescriptionTest" tests="4" failures="0" timestamp="23 May 2021 06:43:08 GMT" time="0.022" errors="0">
  <testcase name="Logintest" time="0.014" classname="keywordsTest.A11_DescriptionTest"/>
  <testcase name="a_Searchtest" time="0.002" classname="keywordsTest.A11_DescriptionTest"/>
  <testcase name="Bookingtest" time="0.003" classname="keywordsTest.A11_DescriptionTest"/>
  <testcase name="Canceltest" time="0.003" classname="keywordsTest.A11_DescriptionTest"/>
</testsuite> <!-- keywordsTest.A11_DescriptionTest -->
