<?xml version="1.0" encoding="UTF-8"?>
<!-- Generated by org.testng.reporters.JUnitReportReporter -->
<testsuite skipped="0" hostname="MAA125CG9425ZJD" name="keywordsTest.A2_MultipleTest" tests="4" failures="0" timestamp="22 May 2021 08:07:30 GMT" time="0.023" errors="0">
  <testcase name="Logintest" time="0.002" classname="keywordsTest.A2_MultipleTest"/>
  <testcase name="Searchtest" time="0.002" classname="keywordsTest.A2_MultipleTest"/>
  <testcase name="Canceltest" time="0.003" classname="keywordsTest.A2_MultipleTest"/>
  <testcase name="Bookingtest" time="0.016" classname="keywordsTest.A2_MultipleTest"/>
</testsuite> <!-- keywordsTest.A2_MultipleTest -->
