<?xml version="1.0" encoding="UTF-8"?>
<!-- Generated by org.testng.reporters.JUnitReportReporter -->
<testsuite skipped="0" hostname="MAA125CG9425ZJD" name="parametrizationTest.A26_SingleTestSingleDataProvider" tests="3" failures="0" timestamp="30 May 2021 08:18:05 GMT" time="0.009" errors="0">
  <testcase name="LoginTest" time="0.001" classname="parametrizationTest.A26_SingleTestSingleDataProvider"/>
  <testcase name="LoginTest" time="0.002" classname="parametrizationTest.A26_SingleTestSingleDataProvider"/>
  <testcase name="LoginTest" time="0.006" classname="parametrizationTest.A26_SingleTestSingleDataProvider"/>
</testsuite> <!-- parametrizationTest.A26_SingleTestSingleDataProvider -->
