<?xml version="1.0" encoding="UTF-8"?>
<!-- Generated by org.testng.reporters.JUnitReportReporter -->
<testsuite skipped="0" hostname="MAA125CG9425ZJD" name="keywordsTest.A3_ClassLevelTest" tests="4" failures="0" timestamp="22 May 2021 08:18:39 GMT" time="0.026" errors="0">
  <testcase name="Searchtest" time="0.003" classname="keywordsTest.A3_ClassLevelTest"/>
  <testcase name="Bookingtest" time="0.020" classname="keywordsTest.A3_ClassLevelTest"/>
  <testcase name="Logintest" time="0.001" classname="keywordsTest.A3_ClassLevelTest"/>
  <testcase name="Canceltest" time="0.002" classname="keywordsTest.A3_ClassLevelTest"/>
</testsuite> <!-- keywordsTest.A3_ClassLevelTest -->
